ActiveEagerFalseVariable
ActiveEagerNullAdapt
Adapt
Arbiter
Bar
BinaryFunc
BinaryFuncConstR
BinaryFuncConstRPush
BinaryFuncPush
BuiltinVariable
Call
CallActive
CallDemux
CallDemuxPush
CallMux
Case
CaseFetch
Combine
CombineEqual
Concur
Constant
Continue
ContinuePush
DecisionWait
Encode
FalseVariable
Fetch
Fork
ForkPush
Halt
HaltPush
Loop
Mask
NullAdapt
Passivator
PassivatorPush
PassiveEagerFalseVariable
PassiveEagerNullAdapt
PassiveSyncEagerFalseVariable
Sequence
Slice
Split
SplitEqual
Synch
SynchPull
SynchPush
UnaryFunc
UnaryFuncPush
Variable
While
WireFork
